Added Component: Designator=C2(C0805)
Add component. Clean all parameters for all variants
Add component (AddParameter): Name = "Capacitance"; Value = "10µF"; VariantName = "[No Variations]"
Add component (AddParameter): Name = "Capacitor kind"; Value = "MLCC"; VariantName = "[No Variations]"
Add component (AddParameter): Name = "Capacitor type"; Value = "ceramic"; VariantName = "[No Variations]"
Add component (AddParameter): Name = "Case"; Value = "0805"; VariantName = "[No Variations]"
Add component (AddParameter): Name = "Category"; Value = "0805 MLCC SMD Capacitors"; VariantName = "[No Variations]"
Add component (AddParameter): Name = "ComponentLink1Description"; Value = "http://www.tme.eu/en/details/cc0805kkx5r5106/0805-mlcc-smd-capacitors/yageo/cc0805kkx5r5bb106/"; VariantName = "[No Variations]"
Add component (AddParameter): Name = "ComponentLink1URL"; Value = "http://www.tme.eu/en/details/cc0805kkx5r5106/0805-mlcc-smd-capacitors/yageo/cc0805kkx5r5bb106/"; VariantName = "[No Variations]"
Add component (AddParameter): Name = "Dielectric"; Value = "X5R"; VariantName = "[No Variations]"
Add component (AddParameter): Name = "Manufacturer"; Value = "YAGEO"; VariantName = "[No Variations]"
Add component (AddParameter): Name = "Manufacturer Part Number"; Value = "CC0805KKX5R5BB106"; VariantName = "[No Variations]"
Add component (AddParameter): Name = "MinAmount"; Value = "100"; VariantName = "[No Variations]"
Add component (AddParameter): Name = "Mounting"; Value = "SMD"; VariantName = "[No Variations]"
Add component (AddParameter): Name = "Multiples"; Value = "100"; VariantName = "[No Variations]"
Add component (AddParameter): Name = "Operating voltage"; Value = "6.3V"; VariantName = "[No Variations]"
Add component (AddParameter): Name = "Stock 1"; Value = "19000"; VariantName = "[No Variations]"
Add component (AddParameter): Name = "SuppliedAmount"; Value = "3000"; VariantName = "[No Variations]"
Add component (AddParameter): Name = "Supplier Part Number 1"; Value = "CC0805KKX5R5106"; VariantName = "[No Variations]"
Add component (AddParameter): Name = "Tolerance"; Value = "±10%"; VariantName = "[No Variations]"
Add component (AddParameter): Name = "Unit"; Value = "pcs"; VariantName = "[No Variations]"
Add component (AddParameter): Name = "Weight"; Value = "0,034"; VariantName = "[No Variations]"
Added Pin To Net: NetName=NetC2_1 Pin=C2-1
Added Pin To Net: NetName=GND Pin=C2-2
Added Member To Class: ClassName=U_IO Member=Component C2 10uF
