Change Component Comment : Designator=R1 Old Comment=1.5K 1/2W New Comment=2.2K
Change Component Comment : Designator=R25 Old Comment=3.3K 1/2W New Comment=2.2K
Change Component Kind : Designator=R25 Old Kind=Standard (No BOM) New Kind=Standard
Change component parameters: Designator = "R1"; Footprint = "1206"; UniqueID = "\HNDMFRAD\SDOVTBBE"
Change component parameters. Clean all parameters for all variants
Change component parameters (AddParameter): Name = "Case"; Value = "1206"; VariantName = "[No Variations]"
Change component parameters (AddParameter): Name = "Category"; Value = "1206 SMD Resistors"; VariantName = "[No Variations]"
Change component parameters (AddParameter): Name = "ComponentLink1Description"; Value = "http://static.tme.eu/products_pics/f/9/e/f9e1b74986ef91100415c120c46fcd3c/59135.jpg"; VariantName = "[No Variations]"
Change component parameters (AddParameter): Name = "ComponentLink1URL"; Value = "http://static.tme.eu/products_pics/f/9/e/f9e1b74986ef91100415c120c46fcd3c/59135.jpg"; VariantName = "[No Variations]"
Change component parameters (AddParameter): Name = "Manufacturer"; Value = "ROYAL OHM"; VariantName = "[No Variations]"
Change component parameters (AddParameter): Name = "Manufacturer Part Number"; Value = "HP06W2F2201T5E"; VariantName = "[No Variations]"
Change component parameters (AddParameter): Name = "Max. operating voltage"; Value = "200V"; VariantName = "[No Variations]"
Change component parameters (AddParameter): Name = "Max. overload voltage"; Value = "400V"; VariantName = "[No Variations]"
Change component parameters (AddParameter): Name = "MinAmount"; Value = "50"; VariantName = "[No Variations]"
Change component parameters (AddParameter): Name = "Mounting"; Value = "SMD"; VariantName = "[No Variations]"
Change component parameters (AddParameter): Name = "Multiples"; Value = "1"; VariantName = "[No Variations]"
Change component parameters (AddParameter): Name = "Operating temperature"; Value = "-55...155°C"; VariantName = "[No Variations]"
Change component parameters (AddParameter): Name = "Power"; Value = "0.5W"; VariantName = "[No Variations]"
Change component parameters (AddParameter): Name = "Price Type"; Value = "NET"; VariantName = "[No Variations]"
Change component parameters (AddParameter): Name = "Pricing 1"; Value = "50=0.01633, 250=0.00998, 1000=0.00726, 5000=0.00526, 15000=0.00481 (EUR)"; VariantName = "[No Variations]"
Change component parameters (AddParameter): Name = "Resistance"; Value = "2.2kO"; VariantName = "[No Variations]"
Change component parameters (AddParameter): Name = "Resistor type"; Value = "thick film"; VariantName = "[No Variations]"
Change component parameters (AddParameter): Name = "Stock 1"; Value = "7150"; VariantName = "[No Variations]"
Change component parameters (AddParameter): Name = "SuppliedAmount"; Value = "5000"; VariantName = "[No Variations]"
Change component parameters (AddParameter): Name = "Supplier 1"; Value = "TME"; VariantName = "[No Variations]"
Change component parameters (AddParameter): Name = "Supplier Part Number 1"; Value = "HP06-2K21%"; VariantName = "[No Variations]"
Change component parameters (AddParameter): Name = "Tolerance"; Value = "±1%"; VariantName = "[No Variations]"
Change component parameters (AddParameter): Name = "Unit"; Value = "pcs"; VariantName = "[No Variations]"
Change component parameters (AddParameter): Name = "Weight"; Value = "0.035"; VariantName = "[No Variations]"
Change component parameters: Designator = "R25"; Footprint = "1206"; UniqueID = "\HNDMFRAD\NSNMMXUT"
Change component parameters. Clean all parameters for all variants
Change component parameters (AddParameter): Name = "Case"; Value = "1206"; VariantName = "[No Variations]"
Change component parameters (AddParameter): Name = "Category"; Value = "1206 SMD Resistors"; VariantName = "[No Variations]"
Change component parameters (AddParameter): Name = "ComponentLink1Description"; Value = "http://static.tme.eu/products_pics/f/9/e/f9e1b74986ef91100415c120c46fcd3c/59135.jpg"; VariantName = "[No Variations]"
Change component parameters (AddParameter): Name = "ComponentLink1URL"; Value = "http://static.tme.eu/products_pics/f/9/e/f9e1b74986ef91100415c120c46fcd3c/59135.jpg"; VariantName = "[No Variations]"
Change component parameters (AddParameter): Name = "Manufacturer"; Value = "ROYAL OHM"; VariantName = "[No Variations]"
Change component parameters (AddParameter): Name = "Manufacturer Part Number"; Value = "HP06W2F2201T5E"; VariantName = "[No Variations]"
Change component parameters (AddParameter): Name = "Max. operating voltage"; Value = "200V"; VariantName = "[No Variations]"
Change component parameters (AddParameter): Name = "Max. overload voltage"; Value = "400V"; VariantName = "[No Variations]"
Change component parameters (AddParameter): Name = "MinAmount"; Value = "50"; VariantName = "[No Variations]"
Change component parameters (AddParameter): Name = "Mounting"; Value = "SMD"; VariantName = "[No Variations]"
Change component parameters (AddParameter): Name = "Multiples"; Value = "1"; VariantName = "[No Variations]"
Change component parameters (AddParameter): Name = "Operating temperature"; Value = "-55...155°C"; VariantName = "[No Variations]"
Change component parameters (AddParameter): Name = "Power"; Value = "0.5W"; VariantName = "[No Variations]"
Change component parameters (AddParameter): Name = "Price Type"; Value = "NET"; VariantName = "[No Variations]"
Change component parameters (AddParameter): Name = "Pricing 1"; Value = "50=0.01633, 250=0.00998, 1000=0.00726, 5000=0.00526, 15000=0.00481 (EUR)"; VariantName = "[No Variations]"
Change component parameters (AddParameter): Name = "Resistance"; Value = "2.2kO"; VariantName = "[No Variations]"
Change component parameters (AddParameter): Name = "Resistor type"; Value = "thick film"; VariantName = "[No Variations]"
Change component parameters (AddParameter): Name = "Stock 1"; Value = "7150"; VariantName = "[No Variations]"
Change component parameters (AddParameter): Name = "SuppliedAmount"; Value = "5000"; VariantName = "[No Variations]"
Change component parameters (AddParameter): Name = "Supplier 1"; Value = "TME"; VariantName = "[No Variations]"
Change component parameters (AddParameter): Name = "Supplier Part Number 1"; Value = "HP06-2K21%"; VariantName = "[No Variations]"
Change component parameters (AddParameter): Name = "Tolerance"; Value = "±1%"; VariantName = "[No Variations]"
Change component parameters (AddParameter): Name = "Unit"; Value = "pcs"; VariantName = "[No Variations]"
Change component parameters (AddParameter): Name = "Weight"; Value = "0.035"; VariantName = "[No Variations]"
Added Member To Class: ClassName=U_MCU IO Member=Component D8 MAIN
Added Room: Name=U_IO
Added Room: Name=U_MCU IO
Added Room: Name=U_RS485 IO
