Removed Pin From Net: NetName=+3.3 Pin=U5-0
Removed Pin From Net: NetName=+3.3 Pin=U5-1
Removed Pin From Net: NetName=GND Pin=U5-1
Removed Pin From Net: NetName=GND Pin=V1-1
Removed Pin From Net: NetName=GND Pin=V2-1
Removed Pin From Net: NetName=GND Pin=V3-1
Removed Pin From Net: NetName=GND Pin=V4-1
Removed Pin From Net: NetName=GND Pin=V5-1
Change Component Footprint: Designator=P11 Old Footprint= New Footprint=M20_1X2
Change Component Footprint: Designator=P16 Old Footprint= New Footprint=M20_1X2
Change Component Footprint: Designator=P22 Old Footprint= New Footprint=M20_1X2
Change Component Footprint: Designator=P24 Old Footprint= New Footprint=M20_1X2
Change Component Footprint: Designator=W1 Old Footprint= New Footprint=M20_1X2
Change Component Comment : Designator=R22 Old Comment=680 New Comment=1M
Change Component Comment : Designator=R23 Old Comment=680 New Comment=1M
Added Component: Designator=V3(VIS42)
Add component. Clean all parameters for all variants
Added Pin To Net: NetName=GND Pin=P5-9
Added Pin To Net: NetName=NetV1_1 Pin=V1-1
Added Pin To Net: NetName=NetV2_1 Pin=V2-1
Added Pin To Net: NetName=NetV3_1 Pin=V3-1
Added Pin To Net: NetName=NetV4_1 Pin=V4-1
Added Member To Class: ClassName=U_PSU_D Member=Component V3 VIS
