Added Component: Designator=P6(USB  2410 06)
Add component. Clean all parameters for all variants
Add component (AddParameter): Name = "Body Plating"; Value = "Etain"; VariantName = "[No Variations]"
Add component (AddParameter): Name = "ComponentLink1Description"; Value = "http://www.farnell.com/datasheets/1715380.pdf"; VariantName = "[No Variations]"
Add component (AddParameter): Name = "ComponentLink1URL"; Value = "http://www.farnell.com/datasheets/1715380.pdf"; VariantName = "[No Variations]"
Add component (AddParameter): Name = "Contact Material"; Value = "CuSn"; VariantName = "[No Variations]"
Add component (AddParameter): Name = "Courant"; Value = "1"; VariantName = "[No Variations]"
Add component (AddParameter): Name = "Genre"; Value = "Embase"; VariantName = "[No Variations]"
Add component (AddParameter): Name = "Manufacturer"; Value = "LUMBERG"; VariantName = "[No Variations]"
Add component (AddParameter): Name = "Manufacturer Part Number"; Value = "2410 06"; VariantName = "[No Variations]"
Add component (AddParameter): Name = "Matériau du contact"; Value = "Cuivre"; VariantName = "[No Variations]"
Add component (AddParameter): Name = "Montage, orientation"; Value = "90°"; VariantName = "[No Variations]"
Add component (AddParameter): Name = "Montage connecteur"; Value = "CI"; VariantName = "[No Variations]"
Add component (AddParameter): Name = "Nombre de contacts"; Value = "4"; VariantName = "[No Variations]"
Add component (AddParameter): Name = "Nombre de cycles d'accouplements"; Value = "1500"; VariantName = "[No Variations]"
Add component (AddParameter): Name = "Plaquage borne"; Value = "Tin"; VariantName = "[No Variations]"
Add component (AddParameter): Name = "Plaquage du contact"; Value = "Or"; VariantName = "[No Variations]"
Add component (AddParameter): Name = "Pricing 1"; Value = "1=0,63, 10=0,53, 50=0,51, 100=0,48 (EUR)"; VariantName = "[No Variations]"
Add component (AddParameter): Name = "RoHS"; Value = "YES"; VariantName = "[No Variations]"
Add component (AddParameter): Name = "Résistance, contact"; Value = "30"; VariantName = "[No Variations]"
Add component (AddParameter): Name = "Supplier 1"; Value = "Farnell"; VariantName = "[No Variations]"
Add component (AddParameter): Name = "Supplier Part Number 1"; Value = "1308874"; VariantName = "[No Variations]"
Add component (AddParameter): Name = "SVHC"; Value = "No SVHC (19-Dec-2012)"; VariantName = "[No Variations]"
Add component (AddParameter): Name = "Série"; Value = "2410"; VariantName = "[No Variations]"
Add component (AddParameter): Name = "Température de fonctionnement max.."; Value = "+105"; VariantName = "[No Variations]"
Add component (AddParameter): Name = "Température d'utilisation min"; Value = "-55"; VariantName = "[No Variations]"
Add component (AddParameter): Name = "Tension, vérification"; Value = "750"; VariantName = "[No Variations]"
Add component (AddParameter): Name = "Tension c.a."; Value = "30"; VariantName = "[No Variations]"
Add component (AddParameter): Name = "Terminaison du contact"; Value = "A souder"; VariantName = "[No Variations]"
Add component (AddParameter): Name = "Type de connecteur"; Value = "USB Type A"; VariantName = "[No Variations]"
Add component (AddParameter): Name = "Type de montage"; Value = "Montage en surface"; VariantName = "[No Variations]"
Added Pin To Net: NetName=+5 Pin=P6-1
Added Pin To Net: NetName=D_N Pin=P6-2
Added Pin To Net: NetName=D_P Pin=P6-3
Added Pin To Net: NetName=GND Pin=P6-4
Added Pin To Net: NetName=GND Pin=P6-5
Added Pin To Net: NetName=GND Pin=P6-6
Added Member To Class: ClassName=U_USB HOST Member=Component P6 USB A
